Stopping rabbit application on node rabbit@rabbitmq_ram_1_node ...
Resetting node rabbit@rabbitmq_ram_1_node ...
Clustering node rabbit@rabbitmq_ram_1_node with rabbit@rabbitmq_disk_node
Starting node rabbit@rabbitmq_ram_1_node ...
 completed with 0 plugins.
Stopping rabbit application on node rabbit@rabbitmq_ram_1_node ...
Resetting node rabbit@rabbitmq_ram_1_node ...
Clustering node rabbit@rabbitmq_ram_1_node with rabbit@rabbitmq_disk_node
Starting node rabbit@rabbitmq_ram_1_node ...
 completed with 3 plugins.
Stopping rabbit application on node rabbit@rabbitmq_ram_1_node ...
Resetting node rabbit@rabbitmq_ram_1_node ...
Clustering node rabbit@rabbitmq_ram_1_node with rabbit@rabbitmq_disk_node
Starting node rabbit@rabbitmq_ram_1_node ...
 completed with 3 plugins.
Stopping rabbit application on node rabbit@rabbitmq_ram_1_node ...
Resetting node rabbit@rabbitmq_ram_1_node ...
Clustering node rabbit@rabbitmq_ram_1_node with rabbit@rabbitmq_disk_node
Starting node rabbit@rabbitmq_ram_1_node ...
 completed with 3 plugins.
Stopping rabbit application on node rabbit@rabbitmq_ram_1_node ...
Resetting node rabbit@rabbitmq_ram_1_node ...
Clustering node rabbit@rabbitmq_ram_1_node with rabbit@rabbitmq_disk_node
Starting node rabbit@rabbitmq_ram_1_node ...
 completed with 3 plugins.
Stopping rabbit application on node rabbit@rabbitmq_ram_1_node ...
Resetting node rabbit@rabbitmq_ram_1_node ...
Clustering node rabbit@rabbitmq_ram_1_node with rabbit@rabbitmq_disk_node
Starting node rabbit@rabbitmq_ram_1_node ...
 completed with 3 plugins.
Stopping rabbit application on node rabbit@rabbitmq_ram_1_node ...
Resetting node rabbit@rabbitmq_ram_1_node ...
Clustering node rabbit@rabbitmq_ram_1_node with rabbit@rabbitmq_disk_node
Starting node rabbit@rabbitmq_ram_1_node ...
Stopping rabbit application on node rabbit@rabbitmq_ram_1_node ...
Resetting node rabbit@rabbitmq_ram_1_node ...
Clustering node rabbit@rabbitmq_ram_1_node with rabbit@rabbitmq_disk_node
Starting node rabbit@rabbitmq_ram_1_node ...
 completed with 3 plugins.
Stopping rabbit application on node rabbit@rabbitmq_ram_1_node ...
Resetting node rabbit@rabbitmq_ram_1_node ...
Clustering node rabbit@rabbitmq_ram_1_node with rabbit@rabbitmq_disk_node
Starting node rabbit@rabbitmq_ram_1_node ...
 completed with 3 plugins.
Stopping rabbit application on node rabbit@rabbitmq_ram_1_node ...
Resetting node rabbit@rabbitmq_ram_1_node ...
Clustering node rabbit@rabbitmq_ram_1_node with rabbit@rabbitmq_disk_node
Starting node rabbit@rabbitmq_ram_1_node ...
 completed with 3 plugins.
