Enabling plugins on node rabbit@rabbitmq_disk_node:
rabbitmq_management
The following plugins have been configured:
  rabbitmq_management
  rabbitmq_management_agent
  rabbitmq_web_dispatch
Applying plugin configuration to rabbit@rabbitmq_disk_node...
Plugin configuration unchanged.

  ##  ##      RabbitMQ 3.8.3
  ##  ##
  ##########  Copyright (c) 2007-2020 Pivotal Software, Inc.
  ######  ##
  ##########  Licensed under the MPL 1.1. Website: https://rabbitmq.com

  Doc guides: https://rabbitmq.com/documentation.html
  Support:    https://rabbitmq.com/contact.html
  Tutorials:  https://rabbitmq.com/getstarted.html
  Monitoring: https://rabbitmq.com/monitoring.html

  Logs: /var/logs/rabbitmq_base_log/rabbit@rabbitmq_disk_node_upgrade.log
        /var/logs/rabbitmq_log

  Config file(s): (none)

  Starting broker... completed with 3 plugins.
Enabling plugins on node rabbit@rabbitmq_disk_node:
rabbitmq_management
The following plugins have been configured:
  rabbitmq_management
  rabbitmq_management_agent
  rabbitmq_web_dispatch
Applying plugin configuration to rabbit@rabbitmq_disk_node...
Plugin configuration unchanged.

  ##  ##      RabbitMQ 3.8.3
  ##  ##
  ##########  Copyright (c) 2007-2020 Pivotal Software, Inc.
  ######  ##
  ##########  Licensed under the MPL 1.1. Website: https://rabbitmq.com

  Doc guides: https://rabbitmq.com/documentation.html
  Support:    https://rabbitmq.com/contact.html
  Tutorials:  https://rabbitmq.com/getstarted.html
  Monitoring: https://rabbitmq.com/monitoring.html

  Logs: /var/logs/rabbitmq_base_log/rabbit@rabbitmq_disk_node_upgrade.log
        /var/logs/rabbitmq_log

  Config file(s): (none)

  Starting broker... completed with 3 plugins.
Enabling plugins on node rabbit@rabbitmq_disk_node:
rabbitmq_management
The following plugins have been configured:
  rabbitmq_management
  rabbitmq_management_agent
  rabbitmq_web_dispatch
Applying plugin configuration to rabbit@rabbitmq_disk_node...
The following plugins have been enabled:
  rabbitmq_management
  rabbitmq_management_agent
  rabbitmq_web_dispatch

set 3 plugins.
Offline change; changes will take effect at broker restart.
Enabling plugins on node rabbit@rabbitmq_disk_node:
rabbitmq_management
The following plugins have been configured:
  rabbitmq_management
  rabbitmq_management_agent
  rabbitmq_web_dispatch
Applying plugin configuration to rabbit@rabbitmq_disk_node...
Plugin configuration unchanged.
Enabling plugins on node rabbit@rabbitmq_disk_node:
rabbitmq_management
The following plugins have been configured:
  rabbitmq_management
  rabbitmq_management_agent
  rabbitmq_web_dispatch
Applying plugin configuration to rabbit@rabbitmq_disk_node...
Plugin configuration unchanged.
Enabling plugins on node rabbit@rabbitmq_disk_node:
rabbitmq_management
The following plugins have been configured:
  rabbitmq_management
  rabbitmq_management_agent
  rabbitmq_web_dispatch
Applying plugin configuration to rabbit@rabbitmq_disk_node...
Plugin configuration unchanged.
Enabling plugins on node rabbit@rabbitmq_disk_node:
rabbitmq_management
The following plugins have been configured:
  rabbitmq_management
  rabbitmq_management_agent
  rabbitmq_web_dispatch
Applying plugin configuration to rabbit@rabbitmq_disk_node...
Plugin configuration unchanged.
Enabling plugins on node rabbit@rabbitmq_disk_node:
rabbitmq_management
The following plugins have been configured:
  rabbitmq_management
  rabbitmq_management_agent
  rabbitmq_web_dispatch
Applying plugin configuration to rabbit@rabbitmq_disk_node...
Plugin configuration unchanged.
Enabling plugins on node rabbit@rabbitmq_disk_node:
rabbitmq_management
The following plugins have been configured:
  rabbitmq_management
  rabbitmq_management_agent
  rabbitmq_web_dispatch
Applying plugin configuration to rabbit@rabbitmq_disk_node...
Plugin configuration unchanged.
Enabling plugins on node rabbit@rabbitmq_disk_node:
rabbitmq_management
The following plugins have been configured:
  rabbitmq_management
  rabbitmq_management_agent
  rabbitmq_web_dispatch
Applying plugin configuration to rabbit@rabbitmq_disk_node...
Plugin configuration unchanged.
Enabling plugins on node rabbit@rabbitmq_disk_node:
rabbitmq_management
The following plugins have been configured:
  rabbitmq_management
  rabbitmq_management_agent
  rabbitmq_web_dispatch
Applying plugin configuration to rabbit@rabbitmq_disk_node...
Plugin configuration unchanged.
Enabling plugins on node rabbit@rabbitmq_disk_node:
rabbitmq_management
The following plugins have been configured:
  rabbitmq_management
  rabbitmq_management_agent
  rabbitmq_web_dispatch
Applying plugin configuration to rabbit@rabbitmq_disk_node...
Plugin configuration unchanged.
Enabling plugins on node rabbit@rabbitmq_disk_node:
rabbitmq_management
The following plugins have been configured:
  rabbitmq_management
  rabbitmq_management_agent
  rabbitmq_web_dispatch
Applying plugin configuration to rabbit@rabbitmq_disk_node...
Plugin configuration unchanged.
Enabling plugins on node rabbit@rabbitmq_disk_node:
rabbitmq_management
The following plugins have been configured:
  rabbitmq_management
  rabbitmq_management_agent
  rabbitmq_web_dispatch
Applying plugin configuration to rabbit@rabbitmq_disk_node...
Plugin configuration unchanged.
Enabling plugins on node rabbit@rabbitmq_disk_node:
rabbitmq_management
The following plugins have been configured:
  rabbitmq_management
  rabbitmq_management_agent
  rabbitmq_web_dispatch
Applying plugin configuration to rabbit@rabbitmq_disk_node...
Plugin configuration unchanged.
Enabling plugins on node rabbit@rabbitmq_disk_node:
rabbitmq_management
The following plugins have been configured:
  rabbitmq_management
  rabbitmq_management_agent
  rabbitmq_web_dispatch
Applying plugin configuration to rabbit@rabbitmq_disk_node...
Plugin configuration unchanged.
Enabling plugins on node rabbit@rabbitmq_disk_node:
rabbitmq_management
The following plugins have been configured:
  rabbitmq_management
  rabbitmq_management_agent
  rabbitmq_web_dispatch
Applying plugin configuration to rabbit@rabbitmq_disk_node...
Plugin configuration unchanged.
Enabling plugins on node rabbit@rabbitmq_disk_node:
rabbitmq_management
The following plugins have been configured:
  rabbitmq_management
  rabbitmq_management_agent
  rabbitmq_web_dispatch
Applying plugin configuration to rabbit@rabbitmq_disk_node...
Plugin configuration unchanged.
Enabling plugins on node rabbit@rabbitmq_disk_node:
rabbitmq_management
The following plugins have been configured:
  rabbitmq_management
  rabbitmq_management_agent
  rabbitmq_web_dispatch
Applying plugin configuration to rabbit@rabbitmq_disk_node...
Plugin configuration unchanged.
Enabling plugins on node rabbit@rabbitmq_disk_node:
rabbitmq_management
The following plugins have been configured:
  rabbitmq_management
  rabbitmq_management_agent
  rabbitmq_web_dispatch
Applying plugin configuration to rabbit@rabbitmq_disk_node...
Plugin configuration unchanged.
Enabling plugins on node rabbit@rabbitmq_disk_node:
rabbitmq_management
The following plugins have been configured:
  rabbitmq_management
  rabbitmq_management_agent
  rabbitmq_web_dispatch
Applying plugin configuration to rabbit@rabbitmq_disk_node...
Plugin configuration unchanged.
Enabling plugins on node rabbit@rabbitmq_disk_node:
rabbitmq_management
The following plugins have been configured:
  rabbitmq_management
  rabbitmq_management_agent
  rabbitmq_web_dispatch
Applying plugin configuration to rabbit@rabbitmq_disk_node...
Plugin configuration unchanged.
Enabling plugins on node rabbit@rabbitmq_disk_node:
rabbitmq_management
The following plugins have been configured:
  rabbitmq_management
  rabbitmq_management_agent
  rabbitmq_web_dispatch
Applying plugin configuration to rabbit@rabbitmq_disk_node...
Plugin configuration unchanged.
Enabling plugins on node rabbit@rabbitmq_disk_node:
rabbitmq_management
The following plugins have been configured:
  rabbitmq_management
  rabbitmq_management_agent
  rabbitmq_web_dispatch
Applying plugin configuration to rabbit@rabbitmq_disk_node...
Plugin configuration unchanged.
Enabling plugins on node rabbit@rabbitmq_disk_node:
rabbitmq_management
The following plugins have been configured:
  rabbitmq_management
  rabbitmq_management_agent
  rabbitmq_web_dispatch
Applying plugin configuration to rabbit@rabbitmq_disk_node...
Plugin configuration unchanged.
Enabling plugins on node rabbit@rabbitmq_disk_node:
rabbitmq_management
The following plugins have been configured:
  rabbitmq_management
  rabbitmq_management_agent
  rabbitmq_web_dispatch
Applying plugin configuration to rabbit@rabbitmq_disk_node...
Plugin configuration unchanged.
Enabling plugins on node rabbit@rabbitmq_disk_node:
rabbitmq_management
The following plugins have been configured:
  rabbitmq_management
  rabbitmq_management_agent
  rabbitmq_web_dispatch
Applying plugin configuration to rabbit@rabbitmq_disk_node...
Plugin configuration unchanged.
Enabling plugins on node rabbit@rabbitmq_disk_node:
rabbitmq_management
The following plugins have been configured:
  rabbitmq_management
  rabbitmq_management_agent
  rabbitmq_web_dispatch
Applying plugin configuration to rabbit@rabbitmq_disk_node...
Plugin configuration unchanged.
Enabling plugins on node rabbit@rabbitmq_disk_node:
rabbitmq_management
The following plugins have been configured:
  rabbitmq_management
  rabbitmq_management_agent
  rabbitmq_web_dispatch
Applying plugin configuration to rabbit@rabbitmq_disk_node...
Plugin configuration unchanged.
Enabling plugins on node rabbit@rabbitmq_disk_node:
rabbitmq_management
The following plugins have been configured:
  rabbitmq_management
  rabbitmq_management_agent
  rabbitmq_web_dispatch
Applying plugin configuration to rabbit@rabbitmq_disk_node...
Plugin configuration unchanged.
Enabling plugins on node rabbit@rabbitmq_disk_node:
rabbitmq_management
The following plugins have been configured:
  rabbitmq_management
  rabbitmq_management_agent
  rabbitmq_web_dispatch
Applying plugin configuration to rabbit@rabbitmq_disk_node...
Plugin configuration unchanged.
Enabling plugins on node rabbit@rabbitmq_disk_node:
rabbitmq_management
The following plugins have been configured:
  rabbitmq_management
  rabbitmq_management_agent
  rabbitmq_web_dispatch
Applying plugin configuration to rabbit@rabbitmq_disk_node...
Plugin configuration unchanged.
Enabling plugins on node rabbit@rabbitmq_disk_node:
rabbitmq_management
The following plugins have been configured:
  rabbitmq_management
  rabbitmq_management_agent
  rabbitmq_web_dispatch
Applying plugin configuration to rabbit@rabbitmq_disk_node...
Plugin configuration unchanged.
Enabling plugins on node rabbit@rabbitmq_disk_node:
rabbitmq_management
The following plugins have been configured:
  rabbitmq_management
  rabbitmq_management_agent
  rabbitmq_web_dispatch
Applying plugin configuration to rabbit@rabbitmq_disk_node...
Plugin configuration unchanged.
Enabling plugins on node rabbit@rabbitmq_disk_node:
rabbitmq_management
The following plugins have been configured:
  rabbitmq_management
  rabbitmq_management_agent
  rabbitmq_web_dispatch
Applying plugin configuration to rabbit@rabbitmq_disk_node...
Plugin configuration unchanged.
Enabling plugins on node rabbit@rabbitmq_disk_node:
rabbitmq_management
The following plugins have been configured:
  rabbitmq_management
  rabbitmq_management_agent
  rabbitmq_web_dispatch
Applying plugin configuration to rabbit@rabbitmq_disk_node...
Plugin configuration unchanged.
Enabling plugins on node rabbit@rabbitmq_disk_node:
rabbitmq_management
The following plugins have been configured:
  rabbitmq_management
  rabbitmq_management_agent
  rabbitmq_web_dispatch
Applying plugin configuration to rabbit@rabbitmq_disk_node...
Plugin configuration unchanged.
Enabling plugins on node rabbit@rabbitmq_disk_node:
rabbitmq_management
The following plugins have been configured:
  rabbitmq_management
  rabbitmq_management_agent
  rabbitmq_web_dispatch
Applying plugin configuration to rabbit@rabbitmq_disk_node...
Plugin configuration unchanged.
Enabling plugins on node rabbit@rabbitmq_disk_node:
rabbitmq_management
The following plugins have been configured:
  rabbitmq_management
  rabbitmq_management_agent
  rabbitmq_web_dispatch
Applying plugin configuration to rabbit@rabbitmq_disk_node...
Plugin configuration unchanged.
Enabling plugins on node rabbit@rabbitmq_disk_node:
rabbitmq_management
The following plugins have been configured:
  rabbitmq_management
  rabbitmq_management_agent
  rabbitmq_web_dispatch
Applying plugin configuration to rabbit@rabbitmq_disk_node...
Plugin configuration unchanged.
Enabling plugins on node rabbit@rabbitmq_disk_node:
rabbitmq_management
The following plugins have been configured:
  rabbitmq_management
  rabbitmq_management_agent
  rabbitmq_web_dispatch
Applying plugin configuration to rabbit@rabbitmq_disk_node...
Plugin configuration unchanged.
Enabling plugins on node rabbit@rabbitmq_disk_node:
rabbitmq_management
The following plugins have been configured:
  rabbitmq_management
  rabbitmq_management_agent
  rabbitmq_web_dispatch
Applying plugin configuration to rabbit@rabbitmq_disk_node...
Plugin configuration unchanged.
Enabling plugins on node rabbit@rabbitmq_disk_node:
rabbitmq_management
The following plugins have been configured:
  rabbitmq_management
  rabbitmq_management_agent
  rabbitmq_web_dispatch
Applying plugin configuration to rabbit@rabbitmq_disk_node...
Plugin configuration unchanged.
Enabling plugins on node rabbit@rabbitmq_disk_node:
rabbitmq_management
The following plugins have been configured:
  rabbitmq_management
  rabbitmq_management_agent
  rabbitmq_web_dispatch
Applying plugin configuration to rabbit@rabbitmq_disk_node...
Plugin configuration unchanged.
Enabling plugins on node rabbit@rabbitmq_disk_node:
rabbitmq_management
The following plugins have been configured:
  rabbitmq_management
  rabbitmq_management_agent
  rabbitmq_web_dispatch
Applying plugin configuration to rabbit@rabbitmq_disk_node...
The following plugins have been enabled:
  rabbitmq_management
  rabbitmq_management_agent
  rabbitmq_web_dispatch

set 3 plugins.
Offline change; changes will take effect at broker restart.
{"init terminating in do_boot",generate_config_file}
Enabling plugins on node rabbit@rabbitmq_disk_node:
rabbitmq_management
The following plugins have been configured:
  rabbitmq_management
  rabbitmq_management_agent
  rabbitmq_web_dispatch
Applying plugin configuration to rabbit@rabbitmq_disk_node...
The following plugins have been enabled:
  rabbitmq_management
  rabbitmq_management_agent
  rabbitmq_web_dispatch

set 3 plugins.
Offline change; changes will take effect at broker restart.

  ##  ##      RabbitMQ 3.8.3
  ##  ##
  ##########  Copyright (c) 2007-2020 Pivotal Software, Inc.
  ######  ##
  ##########  Licensed under the MPL 1.1. Website: https://rabbitmq.com

  Doc guides: https://rabbitmq.com/documentation.html
  Support:    https://rabbitmq.com/contact.html
  Tutorials:  https://rabbitmq.com/getstarted.html
  Monitoring: https://rabbitmq.com/monitoring.html

  Logs: /var/logs/rabbitmq_base_log/rabbit@rabbitmq_disk_node_upgrade.log
        /var/logs/rabbitmq_log

  Config file(s): /etc/rabbitmq/rabbitmq.conf

  Starting broker... completed with 3 plugins.
Enabling plugins on node rabbit@rabbitmq_disk_node:
rabbitmq_management
The following plugins have been configured:
  rabbitmq_management
  rabbitmq_management_agent
  rabbitmq_web_dispatch
Applying plugin configuration to rabbit@rabbitmq_disk_node...
The following plugins have been enabled:
  rabbitmq_management
  rabbitmq_management_agent
  rabbitmq_web_dispatch

set 3 plugins.
Offline change; changes will take effect at broker restart.

  ##  ##      RabbitMQ 3.8.3
  ##  ##
  ##########  Copyright (c) 2007-2020 Pivotal Software, Inc.
  ######  ##
  ##########  Licensed under the MPL 1.1. Website: https://rabbitmq.com

  Doc guides: https://rabbitmq.com/documentation.html
  Support:    https://rabbitmq.com/contact.html
  Tutorials:  https://rabbitmq.com/getstarted.html
  Monitoring: https://rabbitmq.com/monitoring.html

  Logs: /var/logs/rabbitmq_base_log/rabbit@rabbitmq_disk_node_upgrade.log
        /var/logs/rabbitmq_log

  Config file(s): /etc/rabbitmq/rabbitmq.conf

  Starting broker... completed with 3 plugins.
