WARNING: Removing trailing slash from RABBITMQ_MNESIA_BASE
         Removing trailing slash from RABBITMQ_MNESIA_DIR
WARNING: RABBITMQ_CONFIG_FILE is located inside RABBITMQ_MNESIA_DIR
         RABBITMQ_LOG_BASE is located inside RABBITMQ_MNESIA_DIR
         RABBITMQ_FEATURE_FLAGS_FILE is located inside RABBITMQ_MNESIA_DIR
         RABBITMQ_PLUGINS_EXPAND_DIR is located inside RABBITMQ_MNESIA_DIR
         RABBITMQ_ENABLED_PLUGINS_FILE is located inside RABBITMQ_MNESIA_DIR
         RABBITMQ_PLUGINS_DIR is located inside RABBITMQ_MNESIA_DIR
         RABBITMQ_UPGRADE_LOG is located inside RABBITMQ_MNESIA_DIR
         => Auto-clustering will not work ('cluster_nodes' in rabbitmq.config)
WARNING: Removing trailing slash from RABBITMQ_MNESIA_BASE
         Removing trailing slash from RABBITMQ_MNESIA_DIR
WARNING: RABBITMQ_CONFIG_FILE is located inside RABBITMQ_MNESIA_DIR
         RABBITMQ_LOG_BASE is located inside RABBITMQ_MNESIA_DIR
         RABBITMQ_FEATURE_FLAGS_FILE is located inside RABBITMQ_MNESIA_DIR
         RABBITMQ_PLUGINS_EXPAND_DIR is located inside RABBITMQ_MNESIA_DIR
         RABBITMQ_ENABLED_PLUGINS_FILE is located inside RABBITMQ_MNESIA_DIR
         RABBITMQ_PLUGINS_DIR is located inside RABBITMQ_MNESIA_DIR
         RABBITMQ_UPGRADE_LOG is located inside RABBITMQ_MNESIA_DIR
         => Auto-clustering will not work ('cluster_nodes' in rabbitmq.config)
WARNING: Removing trailing slash from RABBITMQ_MNESIA_BASE
         Removing trailing slash from RABBITMQ_MNESIA_DIR
WARNING: RABBITMQ_CONFIG_FILE is located inside RABBITMQ_MNESIA_DIR
         RABBITMQ_LOG_BASE is located inside RABBITMQ_MNESIA_DIR
         RABBITMQ_FEATURE_FLAGS_FILE is located inside RABBITMQ_MNESIA_DIR
         RABBITMQ_PLUGINS_EXPAND_DIR is located inside RABBITMQ_MNESIA_DIR
         RABBITMQ_ENABLED_PLUGINS_FILE is located inside RABBITMQ_MNESIA_DIR
         RABBITMQ_PLUGINS_DIR is located inside RABBITMQ_MNESIA_DIR
         RABBITMQ_UPGRADE_LOG is located inside RABBITMQ_MNESIA_DIR
         => Auto-clustering will not work ('cluster_nodes' in rabbitmq.config)
WARNING: Removing trailing slash from RABBITMQ_MNESIA_BASE
         Removing trailing slash from RABBITMQ_MNESIA_DIR
WARNING: RABBITMQ_CONFIG_FILE is located inside RABBITMQ_MNESIA_DIR
         RABBITMQ_LOG_BASE is located inside RABBITMQ_MNESIA_DIR
         RABBITMQ_FEATURE_FLAGS_FILE is located inside RABBITMQ_MNESIA_DIR
         RABBITMQ_PLUGINS_EXPAND_DIR is located inside RABBITMQ_MNESIA_DIR
         RABBITMQ_ENABLED_PLUGINS_FILE is located inside RABBITMQ_MNESIA_DIR
         RABBITMQ_PLUGINS_DIR is located inside RABBITMQ_MNESIA_DIR
         RABBITMQ_UPGRADE_LOG is located inside RABBITMQ_MNESIA_DIR
         => Auto-clustering will not work ('cluster_nodes' in rabbitmq.config)
WARNING: Removing trailing slash from RABBITMQ_MNESIA_BASE
WARNING: Removing trailing slash from RABBITMQ_MNESIA_BASE
WARNING: Removing trailing slash from RABBITMQ_MNESIA_BASE
WARNING: Removing trailing slash from RABBITMQ_MNESIA_BASE
WARNING: Removing trailing slash from RABBITMQ_MNESIA_BASE
WARNING: Removing trailing slash from RABBITMQ_MNESIA_BASE
WARNING: Removing trailing slash from RABBITMQ_MNESIA_BASE
WARNING: Removing trailing slash from RABBITMQ_MNESIA_BASE
WARNING: Removing trailing slash from RABBITMQ_MNESIA_BASE
WARNING: Removing trailing slash from RABBITMQ_MNESIA_BASE
WARNING: Removing trailing slash from RABBITMQ_MNESIA_BASE
WARNING: Removing trailing slash from RABBITMQ_MNESIA_BASE
WARNING: Removing trailing slash from RABBITMQ_MNESIA_BASE
WARNING: Removing trailing slash from RABBITMQ_MNESIA_BASE
WARNING: Removing trailing slash from RABBITMQ_MNESIA_BASE
WARNING: Removing trailing slash from RABBITMQ_MNESIA_BASE
WARNING: Removing trailing slash from RABBITMQ_MNESIA_BASE
WARNING: Removing trailing slash from RABBITMQ_MNESIA_BASE
WARNING: Removing trailing slash from RABBITMQ_MNESIA_BASE
WARNING: Removing trailing slash from RABBITMQ_MNESIA_BASE
WARNING: Removing trailing slash from RABBITMQ_MNESIA_BASE
WARNING: Removing trailing slash from RABBITMQ_MNESIA_BASE
WARNING: Removing trailing slash from RABBITMQ_MNESIA_BASE
WARNING: Removing trailing slash from RABBITMQ_MNESIA_BASE
WARNING: Removing trailing slash from RABBITMQ_MNESIA_BASE
WARNING: Removing trailing slash from RABBITMQ_MNESIA_BASE
WARNING: Removing trailing slash from RABBITMQ_MNESIA_BASE
WARNING: Removing trailing slash from RABBITMQ_MNESIA_BASE
