wait-for-it.sh: waiting 15 seconds for localhost:5672
wait-for-it.sh: localhost:5672 is available after 5 seconds
wait-for-it.sh: waiting 15 seconds for localhost:5672
wait-for-it.sh: localhost:5672 is available after 10 seconds
wait-for-it.sh: waiting 15 seconds for localhost:5672
wait-for-it.sh: localhost:5672 is available after 7 seconds
Error:
User "admin" already exists
wait-for-it.sh: waiting 15 seconds for localhost:5672
wait-for-it.sh: localhost:5672 is available after 6 seconds
wait-for-it.sh: waiting 15 seconds for localhost:5672
wait-for-it.sh: localhost:5672 is available after 5 seconds
Error:
User "admin" already exists
wait-for-it.sh: waiting 15 seconds for localhost:5672
wait-for-it.sh: localhost:5672 is available after 5 seconds
wait-for-it.sh: waiting 15 seconds for localhost:5672
wait-for-it.sh: localhost:5672 is available after 6 seconds
Error:
User "admin" already exists
wait-for-it.sh: waiting 15 seconds for localhost:5672
wait-for-it.sh: localhost:5672 is available after 6 seconds
wait-for-it.sh: waiting 15 seconds for localhost:5672
wait-for-it.sh: localhost:5672 is available after 6 seconds
wait-for-it.sh: waiting 15 seconds for localhost:5672
wait-for-it.sh: localhost:5672 is available after 7 seconds
Error:
User "admin" already exists
wait-for-it.sh: waiting 15 seconds for localhost:5672
wait-for-it.sh: localhost:5672 is available after 6 seconds
wait-for-it.sh: waiting 15 seconds for localhost:5672
wait-for-it.sh: localhost:5672 is available after 12 seconds
WARNING: Removing trailing slash from RABBITMQ_MNESIA_BASE
         Removing trailing slash from RABBITMQ_MNESIA_DIR
WARNING: RABBITMQ_CONFIG_FILE is located inside RABBITMQ_MNESIA_DIR
         RABBITMQ_LOG_BASE is located inside RABBITMQ_MNESIA_DIR
         RABBITMQ_PID_FILE is located inside RABBITMQ_MNESIA_DIR
         RABBITMQ_FEATURE_FLAGS_FILE is located inside RABBITMQ_MNESIA_DIR
         RABBITMQ_PLUGINS_EXPAND_DIR is located inside RABBITMQ_MNESIA_DIR
         RABBITMQ_ENABLED_PLUGINS_FILE is located inside RABBITMQ_MNESIA_DIR
         RABBITMQ_PLUGINS_DIR is located inside RABBITMQ_MNESIA_DIR
         RABBITMQ_UPGRADE_LOG is located inside RABBITMQ_MNESIA_DIR
         => Auto-clustering will not work ('cluster_nodes' in rabbitmq.config)
WARNING: Removing trailing slash from RABBITMQ_MNESIA_BASE
         Removing trailing slash from RABBITMQ_MNESIA_DIR
WARNING: RABBITMQ_CONFIG_FILE is located inside RABBITMQ_MNESIA_DIR
         RABBITMQ_LOG_BASE is located inside RABBITMQ_MNESIA_DIR
         RABBITMQ_PID_FILE is located inside RABBITMQ_MNESIA_DIR
         RABBITMQ_FEATURE_FLAGS_FILE is located inside RABBITMQ_MNESIA_DIR
         RABBITMQ_PLUGINS_EXPAND_DIR is located inside RABBITMQ_MNESIA_DIR
         RABBITMQ_ENABLED_PLUGINS_FILE is located inside RABBITMQ_MNESIA_DIR
         RABBITMQ_PLUGINS_DIR is located inside RABBITMQ_MNESIA_DIR
         RABBITMQ_UPGRADE_LOG is located inside RABBITMQ_MNESIA_DIR
         => Auto-clustering will not work ('cluster_nodes' in rabbitmq.config)
wait-for-it.sh: waiting 15 seconds for localhost:5672
wait-for-it.sh: localhost:5672 is available after 8 seconds
WARNING: Removing trailing slash from RABBITMQ_MNESIA_BASE
         Removing trailing slash from RABBITMQ_MNESIA_DIR
WARNING: RABBITMQ_CONFIG_FILE is located inside RABBITMQ_MNESIA_DIR
         RABBITMQ_LOG_BASE is located inside RABBITMQ_MNESIA_DIR
         RABBITMQ_PID_FILE is located inside RABBITMQ_MNESIA_DIR
         RABBITMQ_FEATURE_FLAGS_FILE is located inside RABBITMQ_MNESIA_DIR
         RABBITMQ_PLUGINS_EXPAND_DIR is located inside RABBITMQ_MNESIA_DIR
         RABBITMQ_ENABLED_PLUGINS_FILE is located inside RABBITMQ_MNESIA_DIR
         RABBITMQ_PLUGINS_DIR is located inside RABBITMQ_MNESIA_DIR
         RABBITMQ_UPGRADE_LOG is located inside RABBITMQ_MNESIA_DIR
         => Auto-clustering will not work ('cluster_nodes' in rabbitmq.config)
WARNING: Removing trailing slash from RABBITMQ_MNESIA_BASE
         Removing trailing slash from RABBITMQ_MNESIA_DIR
WARNING: RABBITMQ_CONFIG_FILE is located inside RABBITMQ_MNESIA_DIR
         RABBITMQ_LOG_BASE is located inside RABBITMQ_MNESIA_DIR
         RABBITMQ_PID_FILE is located inside RABBITMQ_MNESIA_DIR
         RABBITMQ_FEATURE_FLAGS_FILE is located inside RABBITMQ_MNESIA_DIR
         RABBITMQ_PLUGINS_EXPAND_DIR is located inside RABBITMQ_MNESIA_DIR
         RABBITMQ_ENABLED_PLUGINS_FILE is located inside RABBITMQ_MNESIA_DIR
         RABBITMQ_PLUGINS_DIR is located inside RABBITMQ_MNESIA_DIR
         RABBITMQ_UPGRADE_LOG is located inside RABBITMQ_MNESIA_DIR
         => Auto-clustering will not work ('cluster_nodes' in rabbitmq.config)
wait-for-it.sh: waiting 15 seconds for localhost:5672
wait-for-it.sh: localhost:5672 is available after 6 seconds
WARNING: Removing trailing slash from RABBITMQ_MNESIA_BASE
WARNING: Removing trailing slash from RABBITMQ_MNESIA_BASE
wait-for-it.sh: waiting 15 seconds for localhost:5672
wait-for-it.sh: localhost:5672 is available after 6 seconds
WARNING: Removing trailing slash from RABBITMQ_MNESIA_BASE
WARNING: Removing trailing slash from RABBITMQ_MNESIA_BASE
wait-for-it.sh: waiting 15 seconds for localhost:5672
wait-for-it.sh: localhost:5672 is available after 6 seconds
WARNING: Removing trailing slash from RABBITMQ_MNESIA_BASE
Error:
User "admin" already exists
WARNING: Removing trailing slash from RABBITMQ_MNESIA_BASE
wait-for-it.sh: waiting 15 seconds for localhost:5672
wait-for-it.sh: localhost:5672 is available after 6 seconds
WARNING: Removing trailing slash from RABBITMQ_MNESIA_BASE
Error:
User "admin" already exists
WARNING: Removing trailing slash from RABBITMQ_MNESIA_BASE
wait-for-it.sh: waiting 15 seconds for localhost:5672
wait-for-it.sh: localhost:5672 is available after 6 seconds
WARNING: Removing trailing slash from RABBITMQ_MNESIA_BASE
Error:
User "admin" already exists
WARNING: Removing trailing slash from RABBITMQ_MNESIA_BASE
wait-for-it.sh: waiting 15 seconds for localhost:5672
wait-for-it.sh: localhost:5672 is available after 6 seconds
WARNING: Removing trailing slash from RABBITMQ_MNESIA_BASE
Error:
User "admin" already exists
WARNING: Removing trailing slash from RABBITMQ_MNESIA_BASE
wait-for-it.sh: waiting 15 seconds for localhost:5672
wait-for-it.sh: localhost:5672 is available after 6 seconds
WARNING: Removing trailing slash from RABBITMQ_MNESIA_BASE
WARNING: Removing trailing slash from RABBITMQ_MNESIA_BASE
wait-for-it.sh: waiting 15 seconds for localhost:5672
wait-for-it.sh: timeout occurred after waiting 15 seconds for localhost:5672
WARNING: Removing trailing slash from RABBITMQ_MNESIA_BASE
Error: this command requires the 'rabbit' app to be running on the target node. Start it with 'rabbitmqctl start_app'.
Arguments given:
	add_user admin admin

[1mUsage[0m

rabbitmqctl [--node <node>] [--longnames] [--quiet] add_user <username> <password>
WARNING: Removing trailing slash from RABBITMQ_MNESIA_BASE
Error: this command requires the 'rabbit' app to be running on the target node. Start it with 'rabbitmqctl start_app'.
Arguments given:
	set_user_tags admin administrator

[1mUsage[0m

rabbitmqctl [--node <node>] [--longnames] [--quiet] set_user_tags <username> <tag> [...]
wait-for-it.sh: waiting 15 seconds for localhost:5672
wait-for-it.sh: timeout occurred after waiting 15 seconds for localhost:5672
WARNING: Removing trailing slash from RABBITMQ_MNESIA_BASE
Error: this command requires the 'rabbit' app to be running on the target node. Start it with 'rabbitmqctl start_app'.
Arguments given:
	add_user admin admin

[1mUsage[0m

rabbitmqctl [--node <node>] [--longnames] [--quiet] add_user <username> <password>
WARNING: Removing trailing slash from RABBITMQ_MNESIA_BASE
Error: this command requires the 'rabbit' app to be running on the target node. Start it with 'rabbitmqctl start_app'.
Arguments given:
	set_user_tags admin administrator

[1mUsage[0m

rabbitmqctl [--node <node>] [--longnames] [--quiet] set_user_tags <username> <tag> [...]
wait-for-it.sh: waiting 15 seconds for localhost:5672
wait-for-it.sh: timeout occurred after waiting 15 seconds for localhost:5672
WARNING: Removing trailing slash from RABBITMQ_MNESIA_BASE
Error: this command requires the 'rabbit' app to be running on the target node. Start it with 'rabbitmqctl start_app'.
Arguments given:
	add_user admin admin

[1mUsage[0m

rabbitmqctl [--node <node>] [--longnames] [--quiet] add_user <username> <password>
WARNING: Removing trailing slash from RABBITMQ_MNESIA_BASE
Error: this command requires the 'rabbit' app to be running on the target node. Start it with 'rabbitmqctl start_app'.
Arguments given:
	set_user_tags admin administrator

[1mUsage[0m

rabbitmqctl [--node <node>] [--longnames] [--quiet] set_user_tags <username> <tag> [...]
wait-for-it.sh: waiting 15 seconds for localhost:5672
wait-for-it.sh: localhost:5672 is available after 2 seconds
WARNING: Removing trailing slash from RABBITMQ_MNESIA_BASE
WARNING: Removing trailing slash from RABBITMQ_MNESIA_BASE
wait-for-it.sh: waiting 15 seconds for localhost:5672
wait-for-it.sh: timeout occurred after waiting 15 seconds for localhost:5672
WARNING: Removing trailing slash from RABBITMQ_MNESIA_BASE
Error: this command requires the 'rabbit' app to be running on the target node. Start it with 'rabbitmqctl start_app'.
Arguments given:
	add_user admin admin

[1mUsage[0m

rabbitmqctl [--node <node>] [--longnames] [--quiet] add_user <username> <password>
WARNING: Removing trailing slash from RABBITMQ_MNESIA_BASE
Error: this command requires the 'rabbit' app to be running on the target node. Start it with 'rabbitmqctl start_app'.
Arguments given:
	set_user_tags admin administrator

[1mUsage[0m

rabbitmqctl [--node <node>] [--longnames] [--quiet] set_user_tags <username> <tag> [...]
wait-for-it.sh: waiting 15 seconds for localhost:5672
wait-for-it.sh: timeout occurred after waiting 15 seconds for localhost:5672
WARNING: Removing trailing slash from RABBITMQ_MNESIA_BASE
Error: this command requires the 'rabbit' app to be running on the target node. Start it with 'rabbitmqctl start_app'.
Arguments given:
	add_user admin admin

[1mUsage[0m

rabbitmqctl [--node <node>] [--longnames] [--quiet] add_user <username> <password>
WARNING: Removing trailing slash from RABBITMQ_MNESIA_BASE
Error: this command requires the 'rabbit' app to be running on the target node. Start it with 'rabbitmqctl start_app'.
Arguments given:
	set_user_tags admin administrator

[1mUsage[0m

rabbitmqctl [--node <node>] [--longnames] [--quiet] set_user_tags <username> <tag> [...]
wait-for-it.sh: waiting 15 seconds for localhost:5672
wait-for-it.sh: timeout occurred after waiting 15 seconds for localhost:5672
WARNING: Removing trailing slash from RABBITMQ_MNESIA_BASE
Error: this command requires the 'rabbit' app to be running on the target node. Start it with 'rabbitmqctl start_app'.
Arguments given:
	add_user admin admin

[1mUsage[0m

rabbitmqctl [--node <node>] [--longnames] [--quiet] add_user <username> <password>
WARNING: Removing trailing slash from RABBITMQ_MNESIA_BASE
Error: this command requires the 'rabbit' app to be running on the target node. Start it with 'rabbitmqctl start_app'.
Arguments given:
	set_user_tags admin administrator

[1mUsage[0m

rabbitmqctl [--node <node>] [--longnames] [--quiet] set_user_tags <username> <tag> [...]
wait-for-it.sh: waiting 15 seconds for localhost:5672
wait-for-it.sh: timeout occurred after waiting 15 seconds for localhost:5672
WARNING: Removing trailing slash from RABBITMQ_MNESIA_BASE
Error: this command requires the 'rabbit' app to be running on the target node. Start it with 'rabbitmqctl start_app'.
Arguments given:
	add_user admin admin

[1mUsage[0m

rabbitmqctl [--node <node>] [--longnames] [--quiet] add_user <username> <password>
WARNING: Removing trailing slash from RABBITMQ_MNESIA_BASE
Error: this command requires the 'rabbit' app to be running on the target node. Start it with 'rabbitmqctl start_app'.
Arguments given:
	set_user_tags admin administrator

[1mUsage[0m

rabbitmqctl [--node <node>] [--longnames] [--quiet] set_user_tags <username> <tag> [...]
wait-for-it.sh: waiting 15 seconds for localhost:5672
wait-for-it.sh: localhost:5672 is available after 7 seconds
WARNING: Removing trailing slash from RABBITMQ_MNESIA_BASE
Error:
User "admin" already exists
WARNING: Removing trailing slash from RABBITMQ_MNESIA_BASE
wait-for-it.sh: waiting 15 seconds for localhost:5672
wait-for-it.sh: timeout occurred after waiting 15 seconds for localhost:5672
WARNING: Removing trailing slash from RABBITMQ_MNESIA_BASE
Error: this command requires the 'rabbit' app to be running on the target node. Start it with 'rabbitmqctl start_app'.
Arguments given:
	add_user admin admin

[1mUsage[0m

rabbitmqctl [--node <node>] [--longnames] [--quiet] add_user <username> <password>
WARNING: Removing trailing slash from RABBITMQ_MNESIA_BASE
Error: this command requires the 'rabbit' app to be running on the target node. Start it with 'rabbitmqctl start_app'.
Arguments given:
	set_user_tags admin administrator

[1mUsage[0m

rabbitmqctl [--node <node>] [--longnames] [--quiet] set_user_tags <username> <tag> [...]
wait-for-it.sh: waiting 15 seconds for localhost:5672
wait-for-it.sh: timeout occurred after waiting 15 seconds for localhost:5672
WARNING: Removing trailing slash from RABBITMQ_MNESIA_BASE
Error: this command requires the 'rabbit' app to be running on the target node. Start it with 'rabbitmqctl start_app'.
Arguments given:
	add_user admin admin

[1mUsage[0m

rabbitmqctl [--node <node>] [--longnames] [--quiet] add_user <username> <password>
WARNING: Removing trailing slash from RABBITMQ_MNESIA_BASE
Error: this command requires the 'rabbit' app to be running on the target node. Start it with 'rabbitmqctl start_app'.
Arguments given:
	set_user_tags admin administrator

[1mUsage[0m

rabbitmqctl [--node <node>] [--longnames] [--quiet] set_user_tags <username> <tag> [...]
wait-for-it.sh: waiting 15 seconds for localhost:5672
wait-for-it.sh: timeout occurred after waiting 15 seconds for localhost:5672
WARNING: Removing trailing slash from RABBITMQ_MNESIA_BASE
Error: this command requires the 'rabbit' app to be running on the target node. Start it with 'rabbitmqctl start_app'.
Arguments given:
	add_user admin admin

[1mUsage[0m

rabbitmqctl [--node <node>] [--longnames] [--quiet] add_user <username> <password>
WARNING: Removing trailing slash from RABBITMQ_MNESIA_BASE
Error: this command requires the 'rabbit' app to be running on the target node. Start it with 'rabbitmqctl start_app'.
Arguments given:
	set_user_tags admin administrator

[1mUsage[0m

rabbitmqctl [--node <node>] [--longnames] [--quiet] set_user_tags <username> <tag> [...]
wait-for-it.sh: waiting 15 seconds for localhost:5672
wait-for-it.sh: timeout occurred after waiting 15 seconds for localhost:5672
WARNING: Removing trailing slash from RABBITMQ_MNESIA_BASE
Error: this command requires the 'rabbit' app to be running on the target node. Start it with 'rabbitmqctl start_app'.
Arguments given:
	add_user admin admin

[1mUsage[0m

rabbitmqctl [--node <node>] [--longnames] [--quiet] add_user <username> <password>
WARNING: Removing trailing slash from RABBITMQ_MNESIA_BASE
Error: this command requires the 'rabbit' app to be running on the target node. Start it with 'rabbitmqctl start_app'.
Arguments given:
	set_user_tags admin administrator

[1mUsage[0m

rabbitmqctl [--node <node>] [--longnames] [--quiet] set_user_tags <username> <tag> [...]
wait-for-it.sh: waiting 15 seconds for localhost:5672
wait-for-it.sh: localhost:5672 is available after 2 seconds
WARNING: Removing trailing slash from RABBITMQ_MNESIA_BASE
Error:
User "admin" already exists
WARNING: Removing trailing slash from RABBITMQ_MNESIA_BASE
wait-for-it.sh: waiting 15 seconds for localhost:5672
wait-for-it.sh: timeout occurred after waiting 15 seconds for localhost:5672
WARNING: Removing trailing slash from RABBITMQ_MNESIA_BASE
Error: this command requires the 'rabbit' app to be running on the target node. Start it with 'rabbitmqctl start_app'.
Arguments given:
	add_user admin admin

[1mUsage[0m

rabbitmqctl [--node <node>] [--longnames] [--quiet] add_user <username> <password>
WARNING: Removing trailing slash from RABBITMQ_MNESIA_BASE
Error: this command requires the 'rabbit' app to be running on the target node. Start it with 'rabbitmqctl start_app'.
Arguments given:
	set_user_tags admin administrator

[1mUsage[0m

rabbitmqctl [--node <node>] [--longnames] [--quiet] set_user_tags <username> <tag> [...]
wait-for-it.sh: waiting 15 seconds for localhost:5672
wait-for-it.sh: timeout occurred after waiting 15 seconds for localhost:5672
WARNING: Removing trailing slash from RABBITMQ_MNESIA_BASE
Error: this command requires the 'rabbit' app to be running on the target node. Start it with 'rabbitmqctl start_app'.
Arguments given:
	add_user admin admin

[1mUsage[0m

rabbitmqctl [--node <node>] [--longnames] [--quiet] add_user <username> <password>
WARNING: Removing trailing slash from RABBITMQ_MNESIA_BASE
Error: this command requires the 'rabbit' app to be running on the target node. Start it with 'rabbitmqctl start_app'.
Arguments given:
	set_user_tags admin administrator

[1mUsage[0m

rabbitmqctl [--node <node>] [--longnames] [--quiet] set_user_tags <username> <tag> [...]
wait-for-it.sh: waiting 15 seconds for localhost:5672
wait-for-it.sh: timeout occurred after waiting 15 seconds for localhost:5672
WARNING: Removing trailing slash from RABBITMQ_MNESIA_BASE
Error: this command requires the 'rabbit' app to be running on the target node. Start it with 'rabbitmqctl start_app'.
Arguments given:
	add_user admin admin

[1mUsage[0m

rabbitmqctl [--node <node>] [--longnames] [--quiet] add_user <username> <password>
WARNING: Removing trailing slash from RABBITMQ_MNESIA_BASE
Error: this command requires the 'rabbit' app to be running on the target node. Start it with 'rabbitmqctl start_app'.
Arguments given:
	set_user_tags admin administrator

[1mUsage[0m

rabbitmqctl [--node <node>] [--longnames] [--quiet] set_user_tags <username> <tag> [...]
wait-for-it.sh: waiting 15 seconds for localhost:5672
wait-for-it.sh: localhost:5672 is available after 4 seconds
WARNING: Removing trailing slash from RABBITMQ_MNESIA_BASE
Error:
User "admin" already exists
WARNING: Removing trailing slash from RABBITMQ_MNESIA_BASE
wait-for-it.sh: waiting 15 seconds for localhost:5672
wait-for-it.sh: timeout occurred after waiting 15 seconds for localhost:5672
WARNING: Removing trailing slash from RABBITMQ_MNESIA_BASE
Error: this command requires the 'rabbit' app to be running on the target node. Start it with 'rabbitmqctl start_app'.
Arguments given:
	add_user admin admin

[1mUsage[0m

rabbitmqctl [--node <node>] [--longnames] [--quiet] add_user <username> <password>
WARNING: Removing trailing slash from RABBITMQ_MNESIA_BASE
Error: this command requires the 'rabbit' app to be running on the target node. Start it with 'rabbitmqctl start_app'.
Arguments given:
	set_user_tags admin administrator

[1mUsage[0m

rabbitmqctl [--node <node>] [--longnames] [--quiet] set_user_tags <username> <tag> [...]
wait-for-it.sh: waiting 15 seconds for localhost:5672
