2020-04-15 20:09:35.759 [info] <0.9.0> Feature flags: list of feature flags found:
2020-04-15 20:09:35.759 [info] <0.9.0> Feature flags:   [ ] implicit_default_bindings
2020-04-15 20:09:35.759 [info] <0.9.0> Feature flags:   [ ] quorum_queue
2020-04-15 20:09:35.760 [info] <0.9.0> Feature flags:   [ ] virtual_host_metadata
2020-04-15 20:09:35.760 [info] <0.9.0> Feature flags: feature flag states written to disk: yes
2020-04-15 20:09:35.795 [info] <0.263.0> ra: meta data store initialised. 0 record(s) recovered
2020-04-15 20:09:35.795 [info] <0.268.0> WAL: recovering []
2020-04-15 20:09:35.801 [info] <0.272.0> 
 Starting RabbitMQ 3.8.3 on Erlang 22.3.2
 Copyright (c) 2007-2020 Pivotal Software, Inc.
 Licensed under the MPL 1.1. Website: https://rabbitmq.com

  ##  ##      RabbitMQ 3.8.3
  ##  ##
  ##########  Copyright (c) 2007-2020 Pivotal Software, Inc.
  ######  ##
  ##########  Licensed under the MPL 1.1. Website: https://rabbitmq.com

  Doc guides: https://rabbitmq.com/documentation.html
  Support:    https://rabbitmq.com/contact.html
  Tutorials:  https://rabbitmq.com/getstarted.html
  Monitoring: https://rabbitmq.com/monitoring.html

  Logs: <stdout>

  Config file(s): (none)

  Starting broker...2020-04-15 20:09:35.802 [info] <0.272.0> 
 node           : rabbit@rabbitmq_disk_node
 home dir       : /var/lib/rabbitmq
 config file(s) : (none)
 cookie hash    : keneWpZlYgHDlNkbw+X2vg==
 log(s)         : <stdout>
 database dir   : /var/lib/rabbitmq/mnesia/rabbit@rabbitmq_disk_node
2020-04-15 20:09:35.812 [info] <0.272.0> Running boot step pre_boot defined by app rabbit
2020-04-15 20:09:35.812 [info] <0.272.0> Running boot step rabbit_core_metrics defined by app rabbit
2020-04-15 20:09:35.813 [info] <0.272.0> Running boot step rabbit_alarm defined by app rabbit
2020-04-15 20:09:35.817 [info] <0.278.0> Memory high watermark set to 786 MiB (824731238 bytes) of 1966 MiB (2061828096 bytes) total
2020-04-15 20:09:35.824 [info] <0.280.0> Enabling free disk space monitoring
2020-04-15 20:09:35.824 [info] <0.280.0> Disk free limit set to 50MB
2020-04-15 20:09:35.827 [info] <0.272.0> Running boot step code_server_cache defined by app rabbit
2020-04-15 20:09:35.827 [info] <0.272.0> Running boot step file_handle_cache defined by app rabbit
2020-04-15 20:09:35.828 [info] <0.283.0> Limiting to approx 1048479 file handles (943629 sockets)
2020-04-15 20:09:35.828 [info] <0.284.0> FHC read buffering:  OFF
2020-04-15 20:09:35.828 [info] <0.284.0> FHC write buffering: ON
2020-04-15 20:09:35.829 [info] <0.272.0> Running boot step worker_pool defined by app rabbit
2020-04-15 20:09:35.829 [info] <0.273.0> Will use 2 processes for default worker pool
2020-04-15 20:09:35.829 [info] <0.273.0> Starting worker pool 'worker_pool' with 2 processes in it
2020-04-15 20:09:35.829 [info] <0.272.0> Running boot step database defined by app rabbit
2020-04-15 20:09:35.830 [info] <0.272.0> Node database directory at /var/lib/rabbitmq/mnesia/rabbit@rabbitmq_disk_node is empty. Assuming we need to join an existing cluster or initialise from scratch...
2020-04-15 20:09:35.830 [info] <0.272.0> Configured peer discovery backend: rabbit_peer_discovery_classic_config
2020-04-15 20:09:35.830 [info] <0.272.0> Will try to lock with peer discovery backend rabbit_peer_discovery_classic_config
2020-04-15 20:09:35.830 [info] <0.272.0> Peer discovery backend does not support locking, falling back to randomized delay
2020-04-15 20:09:35.830 [info] <0.272.0> Peer discovery backend rabbit_peer_discovery_classic_config does not support registration, skipping randomized startup delay.
2020-04-15 20:09:35.830 [info] <0.272.0> All discovered existing cluster peers: 
2020-04-15 20:09:35.830 [info] <0.272.0> Discovered no peer nodes to cluster with. Some discovery backends can filter nodes out based on a readiness criteria. Enabling debug logging might help troubleshoot.
2020-04-15 20:09:35.832 [info] <0.44.0> Application mnesia exited with reason: stopped
2020-04-15 20:09:35.920 [info] <0.272.0> Waiting for Mnesia tables for 30000 ms, 9 retries left
2020-04-15 20:09:35.953 [info] <0.272.0> Waiting for Mnesia tables for 30000 ms, 9 retries left
2020-04-15 20:09:35.953 [info] <0.272.0> Feature flag `implicit_default_bindings`: supported, attempt to enable...
2020-04-15 20:09:35.953 [info] <0.272.0> Feature flag `implicit_default_bindings`: mark as enabled=state_changing
2020-04-15 20:09:35.971 [info] <0.272.0> Feature flags: list of feature flags found:
2020-04-15 20:09:35.971 [info] <0.272.0> Feature flags:   [~] implicit_default_bindings
2020-04-15 20:09:35.971 [info] <0.272.0> Feature flags:   [ ] quorum_queue
2020-04-15 20:09:35.971 [info] <0.272.0> Feature flags:   [ ] virtual_host_metadata
2020-04-15 20:09:35.971 [info] <0.272.0> Feature flags: feature flag states written to disk: yes
2020-04-15 20:09:35.987 [info] <0.272.0> Waiting for Mnesia tables for 30000 ms, 0 retries left
2020-04-15 20:09:35.988 [info] <0.272.0> Feature flag `implicit_default_bindings`: mark as enabled=true
2020-04-15 20:09:36.003 [info] <0.272.0> Feature flags: list of feature flags found:
2020-04-15 20:09:36.011 [info] <0.272.0> Feature flags:   [x] implicit_default_bindings
2020-04-15 20:09:36.011 [info] <0.272.0> Feature flags:   [ ] quorum_queue
2020-04-15 20:09:36.012 [info] <0.272.0> Feature flags:   [ ] virtual_host_metadata
2020-04-15 20:09:36.012 [info] <0.272.0> Feature flags: feature flag states written to disk: yes
2020-04-15 20:09:36.030 [info] <0.272.0> Feature flag `quorum_queue`: supported, attempt to enable...
2020-04-15 20:09:36.030 [info] <0.272.0> Feature flag `quorum_queue`: mark as enabled=state_changing
2020-04-15 20:09:36.042 [info] <0.272.0> Feature flags: list of feature flags found:
2020-04-15 20:09:36.042 [info] <0.272.0> Feature flags:   [x] implicit_default_bindings
2020-04-15 20:09:36.042 [info] <0.272.0> Feature flags:   [~] quorum_queue
2020-04-15 20:09:36.042 [info] <0.272.0> Feature flags:   [ ] virtual_host_metadata
2020-04-15 20:09:36.042 [info] <0.272.0> Feature flags: feature flag states written to disk: yes
2020-04-15 20:09:36.059 [info] <0.272.0> Waiting for Mnesia tables for 30000 ms, 9 retries left
2020-04-15 20:09:36.059 [info] <0.272.0> Feature flag `quorum_queue`:   migrating Mnesia table rabbit_queue...
2020-04-15 20:09:36.077 [info] <0.272.0> Feature flag `quorum_queue`:   migrating Mnesia table rabbit_durable_queue...
2020-04-15 20:09:36.091 [info] <0.272.0> Feature flag `quorum_queue`:   Mnesia tables migration done
2020-04-15 20:09:36.091 [info] <0.272.0> Feature flag `quorum_queue`: mark as enabled=true
2020-04-15 20:09:36.099 [info] <0.272.0> Feature flags: list of feature flags found:
2020-04-15 20:09:36.099 [info] <0.272.0> Feature flags:   [x] implicit_default_bindings
2020-04-15 20:09:36.099 [info] <0.272.0> Feature flags:   [x] quorum_queue
2020-04-15 20:09:36.099 [info] <0.272.0> Feature flags:   [ ] virtual_host_metadata
2020-04-15 20:09:36.099 [info] <0.272.0> Feature flags: feature flag states written to disk: yes
2020-04-15 20:09:36.108 [info] <0.272.0> Feature flag `virtual_host_metadata`: supported, attempt to enable...
2020-04-15 20:09:36.108 [info] <0.272.0> Feature flag `virtual_host_metadata`: mark as enabled=state_changing
2020-04-15 20:09:36.115 [info] <0.272.0> Feature flags: list of feature flags found:
2020-04-15 20:09:36.115 [info] <0.272.0> Feature flags:   [x] implicit_default_bindings
2020-04-15 20:09:36.115 [info] <0.272.0> Feature flags:   [x] quorum_queue
2020-04-15 20:09:36.115 [info] <0.272.0> Feature flags:   [~] virtual_host_metadata
2020-04-15 20:09:36.115 [info] <0.272.0> Feature flags: feature flag states written to disk: yes
2020-04-15 20:09:36.123 [info] <0.272.0> Waiting for Mnesia tables for 30000 ms, 9 retries left
2020-04-15 20:09:36.141 [info] <0.272.0> Feature flag `virtual_host_metadata`: mark as enabled=true
2020-04-15 20:09:36.149 [info] <0.272.0> Feature flags: list of feature flags found:
2020-04-15 20:09:36.149 [info] <0.272.0> Feature flags:   [x] implicit_default_bindings
2020-04-15 20:09:36.149 [info] <0.272.0> Feature flags:   [x] quorum_queue
2020-04-15 20:09:36.149 [info] <0.272.0> Feature flags:   [x] virtual_host_metadata
2020-04-15 20:09:36.149 [info] <0.272.0> Feature flags: feature flag states written to disk: yes
2020-04-15 20:09:36.158 [info] <0.272.0> Waiting for Mnesia tables for 30000 ms, 9 retries left
2020-04-15 20:09:36.189 [info] <0.272.0> Waiting for Mnesia tables for 30000 ms, 9 retries left
2020-04-15 20:09:36.189 [info] <0.272.0> Peer discovery backend rabbit_peer_discovery_classic_config does not support registration, skipping registration.
2020-04-15 20:09:36.189 [info] <0.272.0> Running boot step database_sync defined by app rabbit
2020-04-15 20:09:36.189 [info] <0.272.0> Running boot step feature_flags defined by app rabbit
2020-04-15 20:09:36.190 [info] <0.272.0> Running boot step codec_correctness_check defined by app rabbit
2020-04-15 20:09:36.190 [info] <0.272.0> Running boot step external_infrastructure defined by app rabbit
2020-04-15 20:09:36.190 [info] <0.272.0> Running boot step rabbit_registry defined by app rabbit
2020-04-15 20:09:36.190 [info] <0.272.0> Running boot step rabbit_auth_mechanism_cr_demo defined by app rabbit
2020-04-15 20:09:36.190 [info] <0.272.0> Running boot step rabbit_queue_location_random defined by app rabbit
2020-04-15 20:09:36.190 [info] <0.272.0> Running boot step rabbit_event defined by app rabbit
2020-04-15 20:09:36.191 [info] <0.272.0> Running boot step rabbit_auth_mechanism_amqplain defined by app rabbit
2020-04-15 20:09:36.191 [info] <0.272.0> Running boot step rabbit_auth_mechanism_plain defined by app rabbit
2020-04-15 20:09:36.191 [info] <0.272.0> Running boot step rabbit_exchange_type_direct defined by app rabbit
2020-04-15 20:09:36.191 [info] <0.272.0> Running boot step rabbit_exchange_type_fanout defined by app rabbit
2020-04-15 20:09:36.191 [info] <0.272.0> Running boot step rabbit_exchange_type_headers defined by app rabbit
2020-04-15 20:09:36.192 [info] <0.272.0> Running boot step rabbit_exchange_type_topic defined by app rabbit
2020-04-15 20:09:36.192 [info] <0.272.0> Running boot step rabbit_mirror_queue_mode_all defined by app rabbit
2020-04-15 20:09:36.192 [info] <0.272.0> Running boot step rabbit_mirror_queue_mode_exactly defined by app rabbit
2020-04-15 20:09:36.192 [info] <0.272.0> Running boot step rabbit_mirror_queue_mode_nodes defined by app rabbit
2020-04-15 20:09:36.192 [info] <0.272.0> Running boot step rabbit_priority_queue defined by app rabbit
2020-04-15 20:09:36.193 [info] <0.272.0> Priority queues enabled, real BQ is rabbit_variable_queue
2020-04-15 20:09:36.193 [info] <0.272.0> Running boot step rabbit_queue_location_client_local defined by app rabbit
2020-04-15 20:09:36.193 [info] <0.272.0> Running boot step rabbit_queue_location_min_masters defined by app rabbit
2020-04-15 20:09:36.193 [info] <0.272.0> Running boot step kernel_ready defined by app rabbit
2020-04-15 20:09:36.193 [info] <0.272.0> Running boot step rabbit_sysmon_minder defined by app rabbit
2020-04-15 20:09:36.194 [info] <0.272.0> Running boot step rabbit_epmd_monitor defined by app rabbit
2020-04-15 20:09:36.197 [info] <0.506.0> epmd monitor knows us, inter-node communication (distribution) port: 25672
2020-04-15 20:09:36.197 [info] <0.272.0> Running boot step guid_generator defined by app rabbit
2020-04-15 20:09:36.200 [info] <0.272.0> Running boot step rabbit_node_monitor defined by app rabbit
2020-04-15 20:09:36.200 [info] <0.512.0> Starting rabbit_node_monitor
2020-04-15 20:09:36.201 [info] <0.272.0> Running boot step delegate_sup defined by app rabbit
2020-04-15 20:09:36.201 [info] <0.272.0> Running boot step rabbit_memory_monitor defined by app rabbit
2020-04-15 20:09:36.202 [info] <0.272.0> Running boot step core_initialized defined by app rabbit
2020-04-15 20:09:36.202 [info] <0.272.0> Running boot step upgrade_queues defined by app rabbit
2020-04-15 20:09:36.215 [info] <0.272.0> message_store upgrades: 1 to apply
2020-04-15 20:09:36.215 [info] <0.272.0> message_store upgrades: Applying rabbit_variable_queue:move_messages_to_vhost_store
2020-04-15 20:09:36.215 [info] <0.272.0> message_store upgrades: No durable queues found. Skipping message store migration
2020-04-15 20:09:36.215 [info] <0.272.0> message_store upgrades: Removing the old message store data
2020-04-15 20:09:36.216 [info] <0.272.0> message_store upgrades: All upgrades applied successfully
2020-04-15 20:09:36.231 [info] <0.272.0> Running boot step rabbit_connection_tracking defined by app rabbit
2020-04-15 20:09:36.231 [info] <0.272.0> Running boot step rabbit_connection_tracking_handler defined by app rabbit
2020-04-15 20:09:36.231 [info] <0.272.0> Running boot step rabbit_exchange_parameters defined by app rabbit
2020-04-15 20:09:36.232 [info] <0.272.0> Running boot step rabbit_mirror_queue_misc defined by app rabbit
2020-04-15 20:09:36.232 [info] <0.272.0> Running boot step rabbit_policies defined by app rabbit
2020-04-15 20:09:36.233 [info] <0.272.0> Running boot step rabbit_policy defined by app rabbit
2020-04-15 20:09:36.233 [info] <0.272.0> Running boot step rabbit_queue_location_validator defined by app rabbit
2020-04-15 20:09:36.233 [info] <0.272.0> Running boot step rabbit_quorum_memory_manager defined by app rabbit
2020-04-15 20:09:36.234 [info] <0.272.0> Running boot step rabbit_vhost_limit defined by app rabbit
2020-04-15 20:09:36.234 [info] <0.272.0> Running boot step recovery defined by app rabbit
2020-04-15 20:09:36.235 [info] <0.272.0> Running boot step load_core_definitions defined by app rabbit
2020-04-15 20:09:36.235 [info] <0.272.0> Running boot step empty_db_check defined by app rabbit
2020-04-15 20:09:36.235 [info] <0.272.0> Adding vhost '/' (description: 'Default virtual host')
2020-04-15 20:09:36.253 [info] <0.549.0> Making sure data directory '/var/lib/rabbitmq/mnesia/rabbit@rabbitmq_disk_node/msg_stores/vhosts/628WB79CIFDYO9LJI6DKMI09L' for vhost '/' exists
2020-04-15 20:09:36.256 [info] <0.549.0> Starting message stores for vhost '/'
2020-04-15 20:09:36.257 [info] <0.553.0> Message store "628WB79CIFDYO9LJI6DKMI09L/msg_store_transient": using rabbit_msg_store_ets_index to provide index
2020-04-15 20:09:36.262 [info] <0.549.0> Started message store of type transient for vhost '/'
2020-04-15 20:09:36.262 [info] <0.556.0> Message store "628WB79CIFDYO9LJI6DKMI09L/msg_store_persistent": using rabbit_msg_store_ets_index to provide index
2020-04-15 20:09:36.263 [warning] <0.556.0> Message store "628WB79CIFDYO9LJI6DKMI09L/msg_store_persistent": rebuilding indices from scratch
2020-04-15 20:09:36.264 [info] <0.549.0> Started message store of type persistent for vhost '/'
2020-04-15 20:09:36.265 [info] <0.272.0> Creating user 'guest'
2020-04-15 20:09:36.269 [info] <0.272.0> Setting user tags for user 'guest' to [administrator]
2020-04-15 20:09:36.274 [info] <0.272.0> Setting permissions for 'guest' in '/' to '.*', '.*', '.*'
2020-04-15 20:09:36.277 [info] <0.272.0> Running boot step rabbit_looking_glass defined by app rabbit
2020-04-15 20:09:36.277 [info] <0.272.0> Running boot step rabbit_core_metrics_gc defined by app rabbit
2020-04-15 20:09:36.277 [info] <0.272.0> Running boot step background_gc defined by app rabbit
2020-04-15 20:09:36.278 [info] <0.272.0> Running boot step connection_tracking defined by app rabbit
2020-04-15 20:09:36.282 [info] <0.272.0> Setting up a table for connection tracking on this node: tracked_connection_on_node_rabbit@rabbitmq_disk_node
2020-04-15 20:09:36.286 [info] <0.272.0> Setting up a table for per-vhost connection counting on this node: tracked_connection_per_vhost_on_node_rabbit@rabbitmq_disk_node
2020-04-15 20:09:36.286 [info] <0.272.0> Running boot step routing_ready defined by app rabbit
2020-04-15 20:09:36.286 [info] <0.272.0> Running boot step pre_flight defined by app rabbit
2020-04-15 20:09:36.286 [info] <0.272.0> Running boot step notify_cluster defined by app rabbit
2020-04-15 20:09:36.286 [info] <0.272.0> Running boot step networking defined by app rabbit
2020-04-15 20:09:36.289 [info] <0.602.0> started TCP listener on [::]:5672
2020-04-15 20:09:36.289 [info] <0.272.0> Running boot step cluster_name defined by app rabbit
2020-04-15 20:09:36.289 [info] <0.272.0> Initialising internal cluster ID to 'rabbitmq-cluster-id-rVo1-HG3jdhpV0U3MQQbSQ'
2020-04-15 20:09:36.292 [info] <0.272.0> Running boot step direct_client defined by app rabbit
2020-04-15 20:09:36.292 [info] <0.272.0> Running boot step os_signal_handler defined by app rabbit
2020-04-15 20:09:36.292 [info] <0.605.0> Swapping OS signal event handler (erl_signal_server) for our own
2020-04-15 20:09:36.566 [info] <0.9.0> Server startup complete; 0 plugins started.
 completed with 0 plugins.
2020-04-15 20:14:27.172 [info] <0.9.0> Feature flags: list of feature flags found:
2020-04-15 20:14:27.172 [info] <0.9.0> Feature flags:   [x] implicit_default_bindings
2020-04-15 20:14:27.172 [info] <0.9.0> Feature flags:   [x] quorum_queue
2020-04-15 20:14:27.172 [info] <0.9.0> Feature flags:   [x] virtual_host_metadata
2020-04-15 20:14:27.172 [info] <0.9.0> Feature flags: feature flag states written to disk: yes
2020-04-15 20:14:27.264 [info] <0.301.0> ra: meta data store initialised. 0 record(s) recovered
2020-04-15 20:14:27.265 [info] <0.307.0> WAL: recovering ["/var/lib/rabbitmq/mnesia/rabbit@rabbitmq_disk_node/quorum/rabbit@rabbitmq_disk_node/00000001.wal"]
2020-04-15 20:14:28.324 [warning] <0.307.0> wal: encountered error during recovery: badarg
Continuing.
2020-04-15 20:14:28.477 [info] <0.319.0> 
 Starting RabbitMQ 3.8.3 on Erlang 22.3.2
 Copyright (c) 2007-2020 Pivotal Software, Inc.
 Licensed under the MPL 1.1. Website: https://rabbitmq.com

  ##  ##      RabbitMQ 3.8.3
  ##  ##
  ##########  Copyright (c) 2007-2020 Pivotal Software, Inc.
  ######  ##
  ##########  Licensed under the MPL 1.1. Website: https://rabbitmq.com

  Doc guides: https://rabbitmq.com/documentation.html
  Support:    https://rabbitmq.com/contact.html
  Tutorials:  https://rabbitmq.com/getstarted.html
  Monitoring: https://rabbitmq.com/monitoring.html

  Logs: <stdout>

  Config file(s): (none)

  Starting broker...2020-04-15 20:14:28.493 [info] <0.319.0> 
 node           : rabbit@rabbitmq_disk_node
 home dir       : /var/lib/rabbitmq
 config file(s) : (none)
 cookie hash    : keneWpZlYgHDlNkbw+X2vg==
 log(s)         : <stdout>
 database dir   : /var/lib/rabbitmq/mnesia/rabbit@rabbitmq_disk_node
2020-04-15 20:14:29.115 [info] <0.319.0> Running boot step pre_boot defined by app rabbit
2020-04-15 20:14:29.115 [info] <0.319.0> Running boot step rabbit_core_metrics defined by app rabbit
2020-04-15 20:14:29.135 [info] <0.319.0> Running boot step rabbit_alarm defined by app rabbit
2020-04-15 20:14:29.166 [info] <0.361.0> Memory high watermark set to 786 MiB (824731238 bytes) of 1966 MiB (2061828096 bytes) total
2020-04-15 20:14:29.188 [info] <0.365.0> Enabling free disk space monitoring
2020-04-15 20:14:29.188 [info] <0.365.0> Disk free limit set to 50MB
2020-04-15 20:14:29.197 [info] <0.319.0> Running boot step code_server_cache defined by app rabbit
2020-04-15 20:14:29.197 [info] <0.319.0> Running boot step file_handle_cache defined by app rabbit
2020-04-15 20:14:29.202 [info] <0.370.0> Limiting to approx 1048479 file handles (943629 sockets)
2020-04-15 20:14:29.202 [info] <0.371.0> FHC read buffering:  OFF
2020-04-15 20:14:29.203 [info] <0.371.0> FHC write buffering: ON
2020-04-15 20:14:29.208 [info] <0.319.0> Running boot step worker_pool defined by app rabbit
2020-04-15 20:14:29.209 [info] <0.336.0> Will use 2 processes for default worker pool
2020-04-15 20:14:29.209 [info] <0.336.0> Starting worker pool 'worker_pool' with 2 processes in it
2020-04-15 20:14:29.209 [info] <0.319.0> Running boot step database defined by app rabbit
2020-04-15 20:14:29.244 [info] <0.319.0> Waiting for Mnesia tables for 30000 ms, 9 retries left
2020-04-15 20:14:29.246 [info] <0.319.0> Waiting for Mnesia tables for 30000 ms, 9 retries left
2020-04-15 20:14:29.279 [info] <0.319.0> Waiting for Mnesia tables for 30000 ms, 9 retries left
2020-04-15 20:14:29.279 [info] <0.319.0> Peer discovery backend rabbit_peer_discovery_classic_config does not support registration, skipping registration.
2020-04-15 20:14:29.281 [info] <0.319.0> Running boot step database_sync defined by app rabbit
2020-04-15 20:14:29.282 [info] <0.319.0> Running boot step feature_flags defined by app rabbit
2020-04-15 20:14:29.282 [info] <0.319.0> Running boot step codec_correctness_check defined by app rabbit
2020-04-15 20:14:29.282 [info] <0.319.0> Running boot step external_infrastructure defined by app rabbit
2020-04-15 20:14:29.282 [info] <0.319.0> Running boot step rabbit_registry defined by app rabbit
2020-04-15 20:14:29.283 [info] <0.319.0> Running boot step rabbit_auth_mechanism_cr_demo defined by app rabbit
2020-04-15 20:14:29.283 [info] <0.319.0> Running boot step rabbit_queue_location_random defined by app rabbit
2020-04-15 20:14:29.283 [info] <0.319.0> Running boot step rabbit_event defined by app rabbit
2020-04-15 20:14:29.283 [info] <0.319.0> Running boot step rabbit_auth_mechanism_amqplain defined by app rabbit
2020-04-15 20:14:29.283 [info] <0.319.0> Running boot step rabbit_auth_mechanism_plain defined by app rabbit
2020-04-15 20:14:29.283 [info] <0.319.0> Running boot step rabbit_exchange_type_direct defined by app rabbit
2020-04-15 20:14:29.284 [info] <0.319.0> Running boot step rabbit_exchange_type_fanout defined by app rabbit
2020-04-15 20:14:29.284 [info] <0.319.0> Running boot step rabbit_exchange_type_headers defined by app rabbit
2020-04-15 20:14:29.284 [info] <0.319.0> Running boot step rabbit_exchange_type_topic defined by app rabbit
2020-04-15 20:14:29.285 [info] <0.319.0> Running boot step rabbit_mirror_queue_mode_all defined by app rabbit
2020-04-15 20:14:29.285 [info] <0.319.0> Running boot step rabbit_mirror_queue_mode_exactly defined by app rabbit
2020-04-15 20:14:29.285 [info] <0.319.0> Running boot step rabbit_mirror_queue_mode_nodes defined by app rabbit
2020-04-15 20:14:29.286 [info] <0.319.0> Running boot step rabbit_priority_queue defined by app rabbit
2020-04-15 20:14:29.286 [info] <0.319.0> Priority queues enabled, real BQ is rabbit_variable_queue
2020-04-15 20:14:29.287 [info] <0.319.0> Running boot step rabbit_queue_location_client_local defined by app rabbit
2020-04-15 20:14:29.287 [info] <0.319.0> Running boot step rabbit_queue_location_min_masters defined by app rabbit
2020-04-15 20:14:29.288 [info] <0.319.0> Running boot step kernel_ready defined by app rabbit
2020-04-15 20:14:29.288 [info] <0.319.0> Running boot step rabbit_sysmon_minder defined by app rabbit
2020-04-15 20:14:29.289 [info] <0.319.0> Running boot step rabbit_epmd_monitor defined by app rabbit
2020-04-15 20:14:29.300 [info] <0.391.0> epmd monitor knows us, inter-node communication (distribution) port: 25672
2020-04-15 20:14:29.300 [info] <0.319.0> Running boot step guid_generator defined by app rabbit
2020-04-15 20:14:29.304 [info] <0.319.0> Running boot step rabbit_node_monitor defined by app rabbit
2020-04-15 20:14:29.306 [info] <0.398.0> Starting rabbit_node_monitor
2020-04-15 20:14:29.306 [info] <0.319.0> Running boot step delegate_sup defined by app rabbit
2020-04-15 20:14:29.310 [info] <0.319.0> Running boot step rabbit_memory_monitor defined by app rabbit
2020-04-15 20:14:29.312 [info] <0.319.0> Running boot step core_initialized defined by app rabbit
2020-04-15 20:14:29.312 [info] <0.319.0> Running boot step upgrade_queues defined by app rabbit
2020-04-15 20:14:29.327 [info] <0.319.0> Running boot step rabbit_connection_tracking defined by app rabbit
2020-04-15 20:14:29.327 [info] <0.319.0> Running boot step rabbit_connection_tracking_handler defined by app rabbit
2020-04-15 20:14:29.328 [info] <0.319.0> Running boot step rabbit_exchange_parameters defined by app rabbit
2020-04-15 20:14:29.329 [info] <0.319.0> Running boot step rabbit_mirror_queue_misc defined by app rabbit
2020-04-15 20:14:29.330 [info] <0.319.0> Running boot step rabbit_policies defined by app rabbit
2020-04-15 20:14:29.331 [info] <0.319.0> Running boot step rabbit_policy defined by app rabbit
2020-04-15 20:14:29.332 [info] <0.319.0> Running boot step rabbit_queue_location_validator defined by app rabbit
2020-04-15 20:14:29.332 [info] <0.319.0> Running boot step rabbit_quorum_memory_manager defined by app rabbit
2020-04-15 20:14:29.332 [info] <0.319.0> Running boot step rabbit_vhost_limit defined by app rabbit
2020-04-15 20:14:29.332 [info] <0.319.0> Running boot step recovery defined by app rabbit
2020-04-15 20:14:29.346 [info] <0.427.0> Making sure data directory '/var/lib/rabbitmq/mnesia/rabbit@rabbitmq_disk_node/msg_stores/vhosts/628WB79CIFDYO9LJI6DKMI09L' for vhost '/' exists
2020-04-15 20:14:29.366 [info] <0.427.0> Starting message stores for vhost '/'
2020-04-15 20:14:29.370 [info] <0.431.0> Message store "628WB79CIFDYO9LJI6DKMI09L/msg_store_transient": using rabbit_msg_store_ets_index to provide index
2020-04-15 20:14:29.377 [info] <0.427.0> Started message store of type transient for vhost '/'
2020-04-15 20:14:29.377 [info] <0.434.0> Message store "628WB79CIFDYO9LJI6DKMI09L/msg_store_persistent": using rabbit_msg_store_ets_index to provide index
2020-04-15 20:14:29.378 [warning] <0.434.0> Message store "628WB79CIFDYO9LJI6DKMI09L/msg_store_persistent": rebuilding indices from scratch
2020-04-15 20:14:29.379 [info] <0.427.0> Started message store of type persistent for vhost '/'
2020-04-15 20:14:29.391 [info] <0.319.0> Running boot step load_core_definitions defined by app rabbit
2020-04-15 20:14:29.391 [info] <0.319.0> Running boot step empty_db_check defined by app rabbit
2020-04-15 20:14:29.391 [info] <0.319.0> Running boot step rabbit_looking_glass defined by app rabbit
2020-04-15 20:14:29.391 [info] <0.319.0> Running boot step rabbit_core_metrics_gc defined by app rabbit
2020-04-15 20:14:29.392 [info] <0.319.0> Running boot step background_gc defined by app rabbit
2020-04-15 20:14:29.392 [info] <0.319.0> Running boot step connection_tracking defined by app rabbit
2020-04-15 20:14:29.395 [info] <0.319.0> Setting up a table for connection tracking on this node: tracked_connection_on_node_rabbit@rabbitmq_disk_node
2020-04-15 20:14:29.396 [info] <0.319.0> Setting up a table for per-vhost connection counting on this node: tracked_connection_per_vhost_on_node_rabbit@rabbitmq_disk_node
2020-04-15 20:14:29.397 [info] <0.319.0> Running boot step routing_ready defined by app rabbit
2020-04-15 20:14:29.397 [info] <0.319.0> Running boot step pre_flight defined by app rabbit
2020-04-15 20:14:29.397 [info] <0.319.0> Running boot step notify_cluster defined by app rabbit
2020-04-15 20:14:29.397 [info] <0.319.0> Running boot step networking defined by app rabbit
2020-04-15 20:14:29.405 [info] <0.471.0> started TCP listener on [::]:5672
2020-04-15 20:14:29.405 [info] <0.319.0> Running boot step cluster_name defined by app rabbit
2020-04-15 20:14:29.405 [info] <0.319.0> Running boot step direct_client defined by app rabbit
2020-04-15 20:14:29.406 [info] <0.319.0> Running boot step os_signal_handler defined by app rabbit
2020-04-15 20:14:29.406 [info] <0.473.0> Swapping OS signal event handler (erl_signal_server) for our own
2020-04-15 20:14:29.831 [info] <0.9.0> Server startup complete; 0 plugins started.
 completed with 0 plugins.
eaddrinuse
Clustering node rabbit@rabbitmq_disk_node with rabbit@rabbitmq_disk_node
ERROR: node with name "rabbit" already running on "rabbitmq_disk_node"
Clustering node rabbit@rabbitmq_disk_node with rabbit@rabbitmq_disk_node
ERROR: node with name "rabbit" already running on "rabbitmq_disk_node"
ERROR: node with name "rabbit" already running on "rabbitmq_disk_node"
ERROR: node with name "rabbit" already running on "rabbitmq_disk_node"
ERROR: node with name "rabbit" already running on "rabbitmq_disk_node"
