Error: unable to perform an operation on node 'rabbit@rabbitmq_disk_node'. Please see diagnostics information and suggestions below.

Most common reasons for this are:

 * Target node is unreachable (e.g. due to hostname resolution, TCP connection or firewall issues)
 * CLI tool fails to authenticate with the server (e.g. due to CLI tool's Erlang cookie not matching that of the server)
 * Target node is not running

In addition to the diagnostics info below:

 * See the CLI, clustering and networking guides on https://rabbitmq.com/documentation.html to learn more
 * Consult server logs on node rabbit@rabbitmq_disk_node
 * If target node is configured to use long node names, don't forget to use --longnames with CLI tools

DIAGNOSTICS
===========

attempted to contact: [rabbit@rabbitmq_disk_node]

rabbit@rabbitmq_disk_node:
  * connected to epmd (port 4369) on rabbitmq_disk_node
  * epmd reports: node 'rabbit' not running at all
                  no other nodes on rabbitmq_disk_node
  * suggestion: start the node

Current node details:
 * node name: 'rabbitmqcli-253-rabbit@rabbitmq_disk_node'
 * effective user's home directory: /var/lib/rabbitmq
 * Erlang cookie hash: keneWpZlYgHDlNkbw+X2vg==

Error:
{:corrupt_or_missing_cluster_files, {:error, :enoent}, {:error, :enoent}}
Error: this command requires the 'rabbit' app to be stopped on the target node. Stop it with 'rabbitmqctl stop_app'.
Arguments given:
	join_cluster --ram rabbit@rabbitmq_disk_node

[1mUsage[0m

rabbitmqctl [--node <node>] [--longnames] [--quiet] join_cluster [--disc|--ram] <existing_cluster_member>
Error: this command requires the 'rabbit' app to be stopped on the target node. Stop it with 'rabbitmqctl stop_app'.
Arguments given:
	join_cluster --ram rabbit@rabbitmq_disk_node

[1mUsage[0m

rabbitmqctl [--node <node>] [--longnames] [--quiet] join_cluster [--disc|--ram] <existing_cluster_member>
Error: this command requires the 'rabbit' app to be stopped on the target node. Stop it with 'rabbitmqctl stop_app'.
Arguments given:
	join_cluster --ram rabbit@rabbitmq_disk_node

[1mUsage[0m

rabbitmqctl [--node <node>] [--longnames] [--quiet] join_cluster [--disc|--ram] <existing_cluster_member>
Error: this command requires the 'rabbit' app to be stopped on the target node. Stop it with 'rabbitmqctl stop_app'.
Arguments given:
	join_cluster --ram rabbit@rabbitmq_disk_node

[1mUsage[0m

rabbitmqctl [--node <node>] [--longnames] [--quiet] join_cluster [--disc|--ram] <existing_cluster_member>
Error: this command requires the 'rabbit' app to be stopped on the target node. Stop it with 'rabbitmqctl stop_app'.
Arguments given:
	join_cluster --ram rabbit@rabbitmq_disk_node

[1mUsage[0m

rabbitmqctl [--node <node>] [--longnames] [--quiet] join_cluster [--disc|--ram] <existing_cluster_member>
Protocol 'inet_tcp': register/listen error: Error:
Error: cannot cluster node with itself: rabbit@rabbitmq_disk_node
Error:
Error: cannot cluster node with itself: rabbit@rabbitmq_disk_node
Error: this command requires the 'rabbit' app to be stopped on the target node. Stop it with 'rabbitmqctl stop_app'.
Arguments given:
	join_cluster --ram rabbit@rabbitmq_disk_node

[1mUsage[0m

rabbitmqctl [--node <node>] [--longnames] [--quiet] join_cluster [--disc|--ram] <existing_cluster_member>
Error: this command requires the 'rabbit' app to be stopped on the target node. Stop it with 'rabbitmqctl stop_app'.
Arguments given:
	join_cluster --ram rabbit@rabbitmq_disk_node

[1mUsage[0m

rabbitmqctl [--node <node>] [--longnames] [--quiet] join_cluster [--disc|--ram] <existing_cluster_member>
Error: this command requires the 'rabbit' app to be stopped on the target node. Stop it with 'rabbitmqctl stop_app'.
Arguments given:
	join_cluster --ram rabbit@rabbitmq_disk_node

[1mUsage[0m

rabbitmqctl [--node <node>] [--longnames] [--quiet] join_cluster [--disc|--ram] <existing_cluster_member>
Error: this command requires the 'rabbit' app to be stopped on the target node. Stop it with 'rabbitmqctl stop_app'.
Arguments given:
	join_cluster --ram rabbit@rabbitmq_disk_node

[1mUsage[0m

rabbitmqctl [--node <node>] [--longnames] [--quiet] join_cluster [--disc|--ram] <existing_cluster_member>
Error: this command requires the 'rabbit' app to be stopped on the target node. Stop it with 'rabbitmqctl stop_app'.
Arguments given:
	join_cluster --ram rabbit@rabbitmq_disk_node

[1mUsage[0m

rabbitmqctl [--node <node>] [--longnames] [--quiet] join_cluster [--disc|--ram] <existing_cluster_member>
