Protocol 'inet_tcp': register/listen error: Error:
Error: cannot cluster node with itself: rabbit@rabbitmq_disk_node
Error:
Error: cannot cluster node with itself: rabbit@rabbitmq_disk_node
Error: this command requires the 'rabbit' app to be stopped on the target node. Stop it with 'rabbitmqctl stop_app'.
Arguments given:
	join_cluster --ram rabbit@rabbitmq_disk_node

[1mUsage[0m

rabbitmqctl [--node <node>] [--longnames] [--quiet] join_cluster [--disc|--ram] <existing_cluster_member>
Error: this command requires the 'rabbit' app to be stopped on the target node. Stop it with 'rabbitmqctl stop_app'.
Arguments given:
	join_cluster --ram rabbit@rabbitmq_disk_node

[1mUsage[0m

rabbitmqctl [--node <node>] [--longnames] [--quiet] join_cluster [--disc|--ram] <existing_cluster_member>
Error: this command requires the 'rabbit' app to be stopped on the target node. Stop it with 'rabbitmqctl stop_app'.
Arguments given:
	join_cluster --ram rabbit@rabbitmq_disk_node

[1mUsage[0m

rabbitmqctl [--node <node>] [--longnames] [--quiet] join_cluster [--disc|--ram] <existing_cluster_member>
Error: this command requires the 'rabbit' app to be stopped on the target node. Stop it with 'rabbitmqctl stop_app'.
Arguments given:
	join_cluster --ram rabbit@rabbitmq_disk_node

[1mUsage[0m

rabbitmqctl [--node <node>] [--longnames] [--quiet] join_cluster [--disc|--ram] <existing_cluster_member>
wait-for-it.sh: waiting 15 seconds for localhost:5672
wait-for-it.sh: localhost:5672 is available after 4 seconds
Error: this command requires the 'rabbit' app to be stopped on the target node. Stop it with 'rabbitmqctl stop_app'.
Arguments given:
	join_cluster --ram rabbit@rabbitmq_disk_node

[1mUsage[0m

rabbitmqctl [--node <node>] [--longnames] [--quiet] join_cluster [--disc|--ram] <existing_cluster_member>
wait-for-it.sh: waiting 15 seconds for localhost:5672
wait-for-it.sh: localhost:5672 is available after 0 seconds
Error: this command requires the 'rabbit' app to be stopped on the target node. Stop it with 'rabbitmqctl stop_app'.
Arguments given:
	join_cluster --ram rabbit@rabbitmq_disk_node

[1mUsage[0m

rabbitmqctl [--node <node>] [--longnames] [--quiet] join_cluster [--disc|--ram] <existing_cluster_member>
wait-for-it.sh: waiting 15 seconds for localhost:5672
wait-for-it.sh: localhost:5672 is available after 0 seconds
Error: this command requires the 'rabbit' app to be stopped on the target node. Stop it with 'rabbitmqctl stop_app'.
Arguments given:
	join_cluster --ram rabbit@rabbitmq_disk_node

[1mUsage[0m

rabbitmqctl [--node <node>] [--longnames] [--quiet] join_cluster [--disc|--ram] <existing_cluster_member>
wait-for-it.sh: waiting 15 seconds for localhost:5672
wait-for-it.sh: localhost:5672 is available after 0 seconds
Error: this command requires the 'rabbit' app to be stopped on the target node. Stop it with 'rabbitmqctl stop_app'.
Arguments given:
	join_cluster --ram rabbit@rabbitmq_disk_node

[1mUsage[0m

rabbitmqctl [--node <node>] [--longnames] [--quiet] join_cluster [--disc|--ram] <existing_cluster_member>
wait-for-it.sh: waiting 15 seconds for localhost:5672
wait-for-it.sh: localhost:5672 is available after 0 seconds
Error: this command requires the 'rabbit' app to be stopped on the target node. Stop it with 'rabbitmqctl stop_app'.
Arguments given:
	join_cluster --ram rabbit@rabbitmq_disk_node

[1mUsage[0m

rabbitmqctl [--node <node>] [--longnames] [--quiet] join_cluster [--disc|--ram] <existing_cluster_member>
